--------------------------------------------------------------------------------------------------------------------------------------------------------
      name:  <unnamed>
       log:
  log type:  text
 opened on:   4 Aug 2021, 15:18:43

. reg drate medage 

      Source |       SS           df       MS      Number of obs   =        50
-------------+----------------------------------   F(1, 48)        =     53.97
       Model |  4432.36981         1  4432.36981   Prob > F        =    0.0000
    Residual |  3942.13019        48  82.1277124   R-squared       =    0.5293
-------------+----------------------------------   Adj R-squared   =    0.5195
       Total |      8374.5        49  170.908163   Root MSE        =    9.0624

------------------------------------------------------------------------------
       drate |      Coef.   Std. Err.      t    P>|t|     [95% Conf. Interval]
-------------+----------------------------------------------------------------
      medage |   5.616283   .7644971     7.35   0.000     4.079158    7.153407
       _cons |  -81.60499   22.61958    -3.61   0.001    -127.0847   -36.12527
------------------------------------------------------------------------------

. reg drate medage marriage 

      Source |       SS           df       MS      Number of obs   =        50
-------------+----------------------------------   F(2, 47)        =     26.86
       Model |  4466.42783         2  2233.21391   Prob > F        =    0.0000
    Residual |  3908.07217        47  83.1504718   R-squared       =    0.5333
-------------+----------------------------------   Adj R-squared   =    0.5135
       Total |      8374.5        49  170.908163   Root MSE        =    9.1187

------------------------------------------------------------------------------
       drate |      Coef.   Std. Err.      t    P>|t|     [95% Conf. Interval]
-------------+----------------------------------------------------------------
      medage |   5.761611   .8020585     7.18   0.000     4.148077    7.375144
    marriage |  -.0000193   .0000301    -0.64   0.525    -.0000798    .0000413
       _cons |  -84.97919   23.36265    -3.64   0.001    -131.9788    -37.9796
------------------------------------------------------------------------------

. reg drate medage marriage i.region

      Source |       SS           df       MS      Number of obs   =        50
-------------+----------------------------------   F(5, 44)        =     23.00
       Model |  6057.37104         5  1211.47421   Prob > F        =    0.0000
    Residual |  2317.12896        44  52.6620218   R-squared       =    0.7233
-------------+----------------------------------   Adj R-squared   =    0.6919
       Total |      8374.5        49  170.908163   Root MSE        =    7.2569

------------------------------------------------------------------------------
       drate |      Coef.   Std. Err.      t    P>|t|     [95% Conf. Interval]
-------------+----------------------------------------------------------------
      medage |   4.334293   .7920065     5.47   0.000     2.738109    5.930477
    marriage |  -.0000158   .0000245    -0.65   0.522    -.0000652    .0000336
             |
      region |
    N Cntrl  |   2.923361   3.484271     0.84   0.406    -4.098725    9.945447
      South  |    2.02742   3.324248     0.61   0.545    -4.672161    8.727001
       West  |  -11.94044   3.905424    -3.06   0.004    -19.81131   -4.069577
             |
       _cons |  -41.22723   24.52024    -1.68   0.100    -90.64452     8.19007
------------------------------------------------------------------------------

. log close
      name:  <unnamed>
       log:
  log type:  text
 closed on:   4 Aug 2021, 15:18:43
--------------------------------------------------------------------------------------------------------------------------------------------------------
